<?xml version="1.0" encoding="UTF-8"?>
<testng-results total="4" passed="4" failed="0" skipped="0">
  <reporter-output>
    <line>
      <![CDATA[Visiting Swag Labs Login page...]]>
    </line>
    <line>
      <![CDATA[Visiting Swag Labs Login page...]]>
    </line>
    <line>
      <![CDATA[Visiting Swag Labs Login page...]]>
    </line>
    <line>
      <![CDATA[Greet Sign In To Swag Labs Page...]]>
    </line>
    <line>
      <![CDATA[Greet Sign In To Swag Labs Page...]]>
    </line>
    <line>
      <![CDATA[Greet Sign In To Swag Labs Page...]]>
    </line>
    <line>
      <![CDATA[Greet Sign In To Swag Labs Page...]]>
    </line>
    <line>
      <![CDATA[Verify Invalid User Message...]]>
    </line>
    <line>
      <![CDATA[Verify Locked Out User Message...]]>
    </line>
    <line>
      <![CDATA[View Product Inventory...]]>
    </line>
    <line>
      <![CDATA[View Product Inventory...]]>
    </line>
    <line>
      <![CDATA[Logging Out...]]>
    </line>
    <line>
      <![CDATA[Add To Cart Backpack...]]>
    </line>
    <line>
      <![CDATA[Go To Cart...]]>
    </line>
    <line>
      <![CDATA[Verify Backpack Item In Cart...]]>
    </line>
  </reporter-output>
  <suite started-at="2023-07-18T17:23:38Z" name="Suite" finished-at="2023-07-18T17:23:51Z" duration-ms="12108">
    <groups>
    </groups>
    <test started-at="2023-07-18T17:23:38Z" name="Test" finished-at="2023-07-18T17:23:51Z" duration-ms="12108">
      <class name="com.swaglabs.Tests.AddToCartSingleItem">
        <test-method is-config="true" signature="setUp()[pri:0, instance:com.swaglabs.Tests.AddToCartSingleItem@5cee5251]" started-at="2023-07-18T22:53:38Z" name="setUp" finished-at="2023-07-18T22:53:41Z" duration-ms="2700" status="PASS">
          <reporter-output>
          </reporter-output>
        </test-method> <!-- setUp -->
        <test-method is-config="true" signature="setUp()[pri:0, instance:com.swaglabs.Tests.LoginInvalidUser@7c0c77c7]" started-at="2023-07-18T22:53:41Z" name="setUp" finished-at="2023-07-18T22:53:43Z" duration-ms="2259" status="PASS">
          <reporter-output>
          </reporter-output>
        </test-method> <!-- setUp -->
        <test-method is-config="true" signature="setUp()[pri:0, instance:com.swaglabs.Tests.LoginLockedOutUser@7adda9cc]" started-at="2023-07-18T22:53:43Z" name="setUp" finished-at="2023-07-18T22:53:46Z" duration-ms="2356" status="PASS">
          <reporter-output>
          </reporter-output>
        </test-method> <!-- setUp -->
        <test-method is-config="true" signature="setUp()[pri:0, instance:com.swaglabs.Tests.LoginValidUser@433d61fb]" started-at="2023-07-18T22:53:46Z" name="setUp" finished-at="2023-07-18T22:53:48Z" duration-ms="2645" status="PASS">
          <reporter-output>
          </reporter-output>
        </test-method> <!-- setUp -->
        <test-method signature="AddToCartSingleItemTest()[pri:0, instance:com.swaglabs.Tests.AddToCartSingleItem@5cee5251]" started-at="2023-07-18T22:53:48Z" name="AddToCartSingleItemTest" finished-at="2023-07-18T22:53:50Z" duration-ms="1899" status="PASS">
          <reporter-output>
            <line>
              <![CDATA[Visiting Swag Labs Login page...]]>
            </line>
            <line>
              <![CDATA[Greet Sign In To Swag Labs Page...]]>
            </line>
            <line>
              <![CDATA[View Product Inventory...]]>
            </line>
            <line>
              <![CDATA[Add To Cart Backpack...]]>
            </line>
            <line>
              <![CDATA[Go To Cart...]]>
            </line>
            <line>
              <![CDATA[Verify Backpack Item In Cart...]]>
            </line>
          </reporter-output>
        </test-method> <!-- AddToCartSingleItemTest -->
      </class> <!-- com.swaglabs.Tests.AddToCartSingleItem -->
      <class name="com.swaglabs.Tests.LoginInvalidUser">
        <test-method signature="LoginInvalidUserTest()[pri:0, instance:com.swaglabs.Tests.LoginInvalidUser@7c0c77c7]" started-at="2023-07-18T22:53:48Z" name="LoginInvalidUserTest" finished-at="2023-07-18T22:53:50Z" duration-ms="1279" status="PASS">
          <reporter-output>
            <line>
              <![CDATA[Greet Sign In To Swag Labs Page...]]>
            </line>
            <line>
              <![CDATA[Verify Invalid User Message...]]>
            </line>
          </reporter-output>
        </test-method> <!-- LoginInvalidUserTest -->
      </class> <!-- com.swaglabs.Tests.LoginInvalidUser -->
      <class name="com.swaglabs.Tests.LoginLockedOutUser">
        <test-method signature="LoginLockedOutUserTest()[pri:0, instance:com.swaglabs.Tests.LoginLockedOutUser@7adda9cc]" started-at="2023-07-18T22:53:48Z" name="LoginLockedOutUserTest" finished-at="2023-07-18T22:53:50Z" duration-ms="1367" status="PASS">
          <reporter-output>
            <line>
              <![CDATA[Visiting Swag Labs Login page...]]>
            </line>
            <line>
              <![CDATA[Greet Sign In To Swag Labs Page...]]>
            </line>
            <line>
              <![CDATA[Verify Locked Out User Message...]]>
            </line>
          </reporter-output>
        </test-method> <!-- LoginLockedOutUserTest -->
      </class> <!-- com.swaglabs.Tests.LoginLockedOutUser -->
      <class name="com.swaglabs.Tests.LoginValidUser">
        <test-method signature="LoginValidUserTest()[pri:0, instance:com.swaglabs.Tests.LoginValidUser@433d61fb]" started-at="2023-07-18T22:53:48Z" name="LoginValidUserTest" finished-at="2023-07-18T22:53:51Z" duration-ms="2134" status="PASS">
          <reporter-output>
            <line>
              <![CDATA[Visiting Swag Labs Login page...]]>
            </line>
            <line>
              <![CDATA[Greet Sign In To Swag Labs Page...]]>
            </line>
            <line>
              <![CDATA[View Product Inventory...]]>
            </line>
            <line>
              <![CDATA[Logging Out...]]>
            </line>
          </reporter-output>
        </test-method> <!-- LoginValidUserTest -->
      </class> <!-- com.swaglabs.Tests.LoginValidUser -->
    </test> <!-- Test -->
  </suite> <!-- Suite -->
</testng-results>
