<?xml version="1.0" encoding="UTF-8"?>
<!-- Generated by org.testng.reporters.JUnitXMLReporter -->
<testsuite hostname="ttnpl-3848.local" failures="0" tests="4" name="Test" time="12.108" errors="0" timestamp="18 Jul 2023 17:23:56 GMT">
  <testcase classname="com.swaglabs.Tests.LoginInvalidUser" name="LoginInvalidUserTest" time="1.279"/>
  <testcase classname="com.swaglabs.Tests.LoginLockedOutUser" name="LoginLockedOutUserTest" time="1.367"/>
  <testcase classname="com.swaglabs.Tests.AddToCartSingleItem" name="AddToCartSingleItemTest" time="1.899"/>
  <testcase classname="com.swaglabs.Tests.LoginValidUser" name="LoginValidUserTest" time="2.134"/>
</testsuite> <!-- Test -->
